2025-09-28 20:23:50 - Configuration file missing; creating new empty config at 'C:\Progs\monitor-manage\config.json'.
2025-09-28 20:23:50 - Configuration contains no control groups; overlay hotkeys will be disabled until configured.
2025-09-28 20:23:54 - Hotkey !+0 requested control-group overlay
2025-09-28 20:23:57 - Launching configuration helper via !+9
2025-09-28 20:23:57 - Starting device export to C:\Progs\monitor-manage\devices_snapshot.json
2025-09-28 20:24:00 [INFO] Exported device inventory to 'C:\Progs\monitor-manage\devices_snapshot.json'.
2025-09-28 20:24:01 - Completed device export to C:\Progs\monitor-manage\devices_snapshot.json
2025-09-28 20:24:01 - Started configuration helper process: powershell -NoLogo -NoProfile -ExecutionPolicy Bypass -NoExit -File "C:\Progs\monitor-manage\scripts\configure_control_groups.ps1"
2025-09-28 20:25:25 - Launching configuration helper via !+9
2025-09-28 20:25:25 - Starting device export to C:\Progs\monitor-manage\devices_snapshot.json
2025-09-28 20:25:27 [INFO] Exported device inventory to 'C:\Progs\monitor-manage\devices_snapshot.json'.
2025-09-28 20:25:27 - Completed device export to C:\Progs\monitor-manage\devices_snapshot.json
2025-09-28 20:25:28 - Started configuration helper process: powershell -NoLogo -NoProfile -ExecutionPolicy Bypass -NoExit -File "C:\Progs\monitor-manage\scripts\configure_control_groups.ps1"
2025-09-29 00:52:23 - Configuration file missing; creating default config at 'C:\Progs\monitor-manage\config.json'.
2025-09-29 10:23:41 - Configuration file missing; creating default config at 'C:\Progs\monitor-manage\config.json'.
2025-09-29 10:23:41 - Configuration contains no control groups; overlay hotkeys will be disabled until configured.
2025-09-29 10:23:41 - Registered enable-all hotkey: !+8
2025-09-29 10:23:41 - Registered configurator hotkey: !+9
2025-09-29 10:23:42 - Registered overlay hotkey: !+0
2025-09-29 12:03:16 - Configuration file missing; creating default config at 'C:\Progs\monitor-manage\config.json'.
2025-09-29 12:03:16 - Configuration contains no control groups; overlay hotkeys will be disabled until configured.
2025-09-29 12:03:16 - Registered enable-all hotkey: !+8
2025-09-29 12:03:16 - Registered configurator hotkey: !+9
2025-09-29 12:03:16 - Registered overlay hotkey: !+0
2025-10-03 16:05:01 - Registered control-group 1 hotkey: !+1
2025-10-03 16:05:01 - Registered control-group 2 hotkey: !+2
2025-10-03 16:05:01 - Registered control-group 3 hotkey: !+3
2025-10-03 16:05:01 - Registered control-group 4 hotkey: !+4
2025-10-03 16:05:01 - Registered control-group 5 hotkey: !+5
2025-10-03 16:05:01 - Registered control-group 6 hotkey: !+6
2025-10-03 16:05:01 - Registered control-group 7 hotkey: !+7
2025-10-03 16:05:01 - Registered enable-all hotkey: !+8
2025-10-03 16:05:01 - Registered configurator hotkey: !+9
2025-10-03 16:05:01 - Registered overlay hotkey: !+0
2025-10-03 16:12:43 - Registered control-group 1 hotkey: !+1
2025-10-03 16:12:43 - Registered control-group 2 hotkey: !+2
2025-10-03 16:12:43 - Registered control-group 3 hotkey: !+3
2025-10-03 16:12:43 - Registered control-group 4 hotkey: !+4
2025-10-03 16:12:43 - Registered control-group 5 hotkey: !+5
2025-10-03 16:12:43 - Registered control-group 6 hotkey: !+6
2025-10-03 16:12:43 - Registered control-group 7 hotkey: !+7
2025-10-03 16:12:43 - Registered enable-all hotkey: !+8
2025-10-03 16:12:43 - Registered configurator hotkey: !+9
2025-10-03 16:12:43 - Registered overlay hotkey: !+0
2025-10-03 16:13:07 - Registered control-group 1 hotkey: !+1
2025-10-03 16:13:07 - Registered control-group 2 hotkey: !+2
2025-10-03 16:13:07 - Registered control-group 3 hotkey: !+3
2025-10-03 16:13:07 - Registered control-group 4 hotkey: !+4
2025-10-03 16:13:07 - Registered control-group 5 hotkey: !+5
2025-10-03 16:13:07 - Registered control-group 6 hotkey: !+6
2025-10-03 16:13:07 - Registered control-group 7 hotkey: !+7
2025-10-03 16:13:07 - Registered enable-all hotkey: !+8
2025-10-03 16:13:07 - Registered configurator hotkey: !+9
2025-10-03 16:13:07 - Registered overlay hotkey: !+0
2025-10-03 16:25:11 - Registered control-group 1 hotkey: <!<+1
2025-10-03 16:25:11 - Registered control-group 2 hotkey: <!<+2
2025-10-03 16:25:11 - Registered control-group 3 hotkey: <!<+3
2025-10-03 16:25:11 - Registered control-group 4 hotkey: <!<+4
2025-10-03 16:25:11 - Registered control-group 5 hotkey: <!<+5
2025-10-03 16:25:11 - Registered control-group 6 hotkey: <!<+6
2025-10-03 16:25:11 - Registered control-group 7 hotkey: <!<+7
2025-10-03 16:25:11 - Registered enable-all hotkey: <!<+8
2025-10-03 16:25:11 - Registered configurator hotkey: <!<+9
2025-10-03 16:25:11 - Registered overlay hotkey: <!<+0
2025-10-03 16:36:28 - Registered control-group 1 hotkey: <!<+1
2025-10-03 16:36:28 - Registered control-group 2 hotkey: <!<+2
2025-10-03 16:36:28 - Registered control-group 3 hotkey: <!<+3
2025-10-03 16:36:28 - Registered control-group 4 hotkey: <!<+4
2025-10-03 16:36:28 - Registered control-group 5 hotkey: <!<+5
2025-10-03 16:36:28 - Registered control-group 6 hotkey: <!<+6
2025-10-03 16:36:28 - Registered control-group 7 hotkey: <!<+7
2025-10-03 16:36:28 - Registered enable-all hotkey: <!<+8
2025-10-03 16:36:28 - Registered configurator hotkey: <!<+9
2025-10-03 16:36:28 - Registered overlay hotkey: <!<+0
2025-10-03 16:36:30 - Hotkey <!<+0 requested control-group overlay
2025-10-03 16:40:00 - Registered control-group 1 hotkey: <!<+1
2025-10-03 16:40:00 - Registered control-group 2 hotkey: <!<+2
2025-10-03 16:40:00 - Registered control-group 3 hotkey: <!<+3
2025-10-03 16:40:00 - Registered control-group 4 hotkey: <!<+4
2025-10-03 16:40:00 - Registered control-group 5 hotkey: <!<+5
2025-10-03 16:40:00 - Registered control-group 6 hotkey: <!<+6
2025-10-03 16:40:00 - Registered control-group 7 hotkey: <!<+7
2025-10-03 16:40:00 - Registered enable-all hotkey: <!<+8
2025-10-03 16:40:00 - Registered configurator hotkey: <!<+9
2025-10-03 16:40:00 - Registered overlay hotkey: <!<+0
2025-10-03 16:40:01 - Hotkey <!<+0 requested control-group overlay
2025-10-03 16:40:14 - Hotkey <!<+0 requested control-group overlay
2025-10-03 16:40:21 - Launching configuration helper via Left Alt+Left Shift+9
2025-10-03 16:40:21 - Starting device export to C:\Progs\monitor-manage\devices_snapshot.json
2025-10-03 16:40:24 [INFO] Exported device inventory to 'C:\Progs\monitor-manage\devices_snapshot.json'.
2025-10-03 16:40:24 - Completed device export to C:\Progs\monitor-manage\devices_snapshot.json
2025-10-03 16:40:24 - Started configuration helper process: powershell -NoLogo -NoProfile -ExecutionPolicy Bypass -NoExit -File "C:\Progs\monitor-manage\scripts\configure_control_groups.ps1"
